<?xml version="1.0" encoding="UTF-8"?>
<testng-results skipped="0" failed="0" ignored="0" total="1" passed="1">
  <reporter-output>
  </reporter-output>
  <suite name="Default suite" duration-ms="110678" started-at="2020-01-09T13:54:52 WAT" finished-at="2020-01-09T13:56:43 WAT">
    <groups>
    </groups>
    <test name="Default test" duration-ms="110678" started-at="2020-01-09T13:54:52 WAT" finished-at="2020-01-09T13:56:43 WAT">
      <class name="actions.createUser">
        <test-method status="PASS" signature="create_customer_test()[pri:0, instance:actions.createUser@35d176f7]" name="create_customer_test" duration-ms="109316" started-at="2020-01-09T13:54:52 WAT" finished-at="2020-01-09T13:56:42 WAT">
          <reporter-output>
          </reporter-output>
        </test-method> <!-- create_customer_test -->
        <test-method status="PASS" signature="teardown()[pri:0, instance:actions.createUser@35d176f7]" name="teardown" is-config="true" duration-ms="1311" started-at="2020-01-09T13:56:42 WAT" finished-at="2020-01-09T13:56:43 WAT">
          <reporter-output>
          </reporter-output>
        </test-method> <!-- teardown -->
      </class> <!-- actions.createUser -->
    </test> <!-- Default test -->
  </suite> <!-- Default suite -->
</testng-results>
